Loaded 873 existing candidates (50 passing)

=== mochajs/mocha ===
  fetched 800 failed runs
  443 new unique failing SHAs
  174 pairs have a next-passing run
    f9881c6 -> f9881c6 [fail(same_sha_rerun)] - 
    016837f -> b6e4cc6 [fail(no_prod_file)] - 
    d123282 -> d137166 [fail(no_prod_file)] - 
    aafe6fd -> 73ebdfa [fail(no_prod_file)] - 
    544d40c -> f3af0b9 [fail(no_failed_jobs)] lib/cli/watch-run.js 
    52efcea -> f3af0b9 [fail(no_failed_jobs)] lib/cli/watch-run.js 
    476ea82 -> af245f6 [fail(no_prod_file)] - 
    1e11836 -> 2829fe3 [fail(too_many_commits(97))] - 
    fed6bbd -> 2829fe3 [fail(too_many_commits(108))] - 
    8ff0209 -> 2829fe3 [fail(too_many_commits(106))] - 
    8d01d33 -> 73ebdfa [fail(diff_too_large(9416))] - 
    031c417 -> 031c417 [fail(same_sha_rerun)] - 
    0ed524a -> 2829fe3 [fail(too_many_commits(110))] - 
    e37458a -> 2829fe3 [fail(too_many_commits(109))] - 
    9324a09 -> f7890b7 [fail(too_many_commits(18))] - 
    28517af -> 28517af [fail(same_sha_rerun)] - 
    1801e05 -> bb895fa [fail(multi_prod_file)] - 
    b9df13b -> 72381b7 [fail(too_many_commits(18))] - 
    80d9d5a -> bc00718 [fail(no_prod_file)] - 
    17f51a1 -> 28517af [fail(multi_prod_file)] - 
    1501525 -> 2cbb1c2 [fail(no_prod_file)] - 
    904fded -> 904fded [fail(same_sha_rerun)] - 
    1da7cbb -> 6425367 [fail(too_many_commits(10))] - 
    2cba86f -> 2cba86f [fail(same_sha_rerun)] - 
    1972dd7 -> 46cd926 [fail(too_many_commits(112))] - 
    f23c960 -> b07e56a [fail(multi_prod_file)] - 
    3c52f9d -> f7890b7 [fail(too_many_commits(37))] - 
    6cc7816 -> 1132186 [fail(multi_prod_file)] - 
    1a53a10 -> 46cd926 [fail(too_many_commits(131))] - 
    add4cf8 -> 46cd926 [fail(too_many_commits(134))] - 
    5d9551b -> 4f1ff8f [fail(diff_too_large(7811))] - 
    9399490 -> 724d000 [fail(no_prod_file)] - 
    bb895fa -> 924342b [fail(log_unavailable)] mocha.mjs 
    063dfb6 -> b07e56a [fail(too_many_commits(20))] - 
    ba0179f -> b07e56a [fail(too_many_commits(24))] - 
    59139df -> 87c21a1 [fail(log_unavailable)] lib/cli/config.js 
    7a0c65b -> ee7fe65 [fail(diff_too_large(13713))] - 
    401b5f3 -> 724d000 [fail(diff_too_large(901))] - 
    72693ee -> 0b72547 [fail(no_prod_file)] - 
    0696784 -> 73ebdfa [fail(log_unavailable)] lib/suite.js 
    298b529 -> 298b529 [fail(same_sha_rerun)] - 
    865d3c6 -> ac5c16f [fail(diff_too_large(3931))] - 
    5176491 -> ac5c16f [fail(diff_too_large(3933))] - 
    88fb528 -> 47e586f [fail(log_unavailable)] eslint.config.js 
    1feba53 -> 300b485 [fail(log_unavailable)] lib/runner.js 
    58d4fdb -> f7890b7 [fail(too_many_commits(60))] - 
    a9c4f77 -> 29356c5 [fail(too_many_commits(59))] - 
    dd01de2 -> b07e56a [fail(too_many_commits(46))] - 
    bb24ca8 -> 46cd926 [fail(too_many_commits(142))] - 
    fe68687 -> fe68687 [fail(same_sha_rerun)] - 
    a97ece6 -> b86a907 [fail(multi_prod_file)] - 
    383dbb1 -> b07e56a [fail(too_many_commits(39))] - 
    0c3dba0 -> c308f7b [fail(no_prod_file)] - 
    57b83be -> b07e56a [fail(too_many_commits(52))] - 
    9a6a5db -> 73ebdfa [fail(diff_too_large(9448))] - 
    056c0b8 -> b07e56a [fail(too_many_commits(53))] - 
    b85aec6 -> 46cd926 [fail(too_many_commits(153))] - 
    8b21b38 -> 73ebdfa [fail(diff_too_large(9467))] - 
    2a0bce0 -> 46d09d1 [fail(too_many_commits(165))] - 
    ea26d21 -> 80c9387 [fail(too_many_commits(14))] - 
    389a4c8 -> c308f7b [fail(too_many_commits(9))] - 
    672e8e6 -> 0558c5b [fail(diff_too_large(9348))] - 
    bdab8d9 -> a81664f [fail(no_prod_file)] - 
    cb47925 -> 46cd926 [fail(too_many_commits(159))] - 
    fa2b245 -> a81664f [fail(no_prod_file)] - 
    dfc7be5 -> 48903ba [fail(diff_too_large(9316))] - 
    f31476e -> a81664f [fail(no_prod_file)] - 
    79edb56 -> e82fea4 [fail(passing_behind_failing)] - 
    b8dc43e -> 8bd9fe3 [fail(no_prod_file)] - 
    ffd1ea3 -> e82fea4 [fail(no_prod_file)] - 
    b83e5b1 -> b86a907 [fail(log_unavailable)] mocha.mjs 
    5cad03d -> e82fea4 [fail(no_prod_file)] - 
    ae6237c -> e82fea4 [fail(no_prod_file)] - 
    f4e7e54 -> 46cd926 [fail(too_many_commits(164))] - 
    e0290b6 -> f451b2b [fail(no_prod_file)] - 
    c8b27b1 -> f451b2b [fail(no_prod_file)] - 
    2dc2aa0 -> a5ba4fe [fail(diff_too_large(9501))] - 
    49e1aea -> 46cd926 [fail(too_many_commits(166))] - 
    23c4d9b -> 46cd926 [fail(too_many_commits(165))] - 
    3ca2fbf -> f3e65e6 [fail(no_prod_file)] - 
    df955ac -> ac5c16f [fail(too_many_commits(30))] - 
    f87bfb6 -> f72d37e [fail(log_unavailable)] lib/utils.js 
    c1b5c4a -> 05376fc [fail(too_many_commits(17))] - 
    7527116 -> 918523e [fail(log_unavailable)] lib/cli/lookup-files.js 
    d643105 -> 46cd926 [fail(too_many_commits(167))] - 
    fbdbf19 -> f72d37e [fail(log_unavailable)] lib/utils.js 
    5a60052 -> f72d37e [fail(log_unavailable)] lib/utils.js 
    5bbd2d6 -> 58d4fdb [fail(too_many_commits(28))] - 
    1c34eef -> 46cd926 [fail(too_many_commits(169))] - 
    8649f39 -> 46cd926 [fail(too_many_commits(170))] - 
    bff9166 -> 46cd926 [fail(too_many_commits(173))] - 
    ebdbc48 -> 46cd926 [fail(too_many_commits(175))] - 
    c2667c3 -> 46cd926 [fail(too_many_commits(171))] - 
    e1e7369 -> ff0038b [fail(no_prod_file)] - 
    1164b9d -> 46cd926 [fail(too_many_commits(177))] - 
    3d3c3f6 -> 7aee141 [fail(too_many_commits(12))] - 
    c805327 -> 46cd926 [fail(too_many_commits(174))] - 
    f746bd4 -> 7aee141 [fail(too_many_commits(13))] - 
    6654704 -> 46d09d1 [fail(too_many_commits(187))] - 
    313fc34 -> f451b2b [fail(too_many_commits(36))] - 
    9d12fc2 -> 46cd926 [fail(too_many_commits(188))] - 
    876247a -> 46cd926 [fail(too_many_commits(194))] - 
    ace5eb4 -> 46cd926 [fail(too_many_commits(195))] - 
    9868cdd -> 9868cdd [fail(same_sha_rerun)] - 
    cbcf007 -> 46cd926 [fail(too_many_commits(196))] - 
    e6892d6 -> 86d4148 [fail(no_prod_file)] - 
    75479e2 -> 9868cdd [fail(no_prod_file)] - 
    f4018e2 -> 7643d83 [fail(log_unavailable)] lib/nodejs/esm-utils.js 
    f70764c -> 46cd926 [fail(too_many_commits(197))] - 
    56a3894 -> 26d924d [fail(no_prod_file)] - 
    1dc4aa9 -> 46cd926 [fail(too_many_commits(198))] - 
    e7a549a -> 7643d83 [fail(too_many_commits(23))] - 
    91aa110 -> 7aee141 [fail(log_unavailable)] eslint.config.js 
    b66eae9 -> 86d4148 [fail(no_prod_file)] - 
    955e75f -> 86d4148 [fail(no_prod_file)] - 
    cc80d96 -> cc80d96 [fail(same_sha_rerun)] - 
    e171a5d -> 53fe4ef [fail(too_many_commits(22))] - 
    b2bc769 -> 46cd926 [fail(too_many_commits(204))] - 
    f31ce8f -> 46cd926 [fail(too_many_commits(205))] - 
    fe7522d -> fe7522d [fail(same_sha_rerun)] - 
    03ac2d0 -> 46cd926 [fail(too_many_commits(206))] - 
    90d42d8 -> 86d4148 [fail(too_many_commits(9))] - 
    cc85e0c -> 1976499 [fail(no_prod_file)] - 
    a4dc1ba -> 7643d83 [fail(too_many_commits(24))] - 
    15f5980 -> fe7522d [fail(no_prod_file)] - 
    512388f -> 1976499 [fail(no_prod_file)] - 
    26e7056 -> 1976499 [fail(no_prod_file)] - 
    e1be2aa -> e1be2aa [fail(same_sha_rerun)] - 
    9aba5f2 -> 1976499 [fail(no_prod_file)] - 
    fcc839f -> fcc839f [fail(same_sha_rerun)] - 
    8af5d0b -> 7bbc945 [fail(too_many_commits(11))] - 
    c3dd839 -> 7bbc945 [fail(too_many_commits(12))] - 
    84b27a9 -> 7bbc945 [fail(too_many_commits(14))] - 
    f8a4eca -> b07e56a [fail(too_many_commits(105))] - 
    bad7b36 -> fcc839f [fail(multi_prod_file)] - 
    3660ed2 -> fcc839f [fail(multi_prod_file)] - 
    f2a1811 -> 96bbbd7 [fail(diff_too_large(533))] - 
    2e87b25 -> b6a5d12 [fail(no_prod_file)] - 
    16d24fb -> 16d24fb [fail(same_sha_rerun)] - 
    a908b3b -> 46cd926 [fail(too_many_commits(207))] - 
    a9dbb2d -> 16d24fb [fail(no_prod_file)] - 
    cd7fc27 -> 16d24fb [fail(no_prod_file)] - 
    916452f -> 16d24fb [fail(no_prod_file)] - 
    f68c935 -> f68c935 [fail(same_sha_rerun)] - 
    5cde7f5 -> 5cde7f5 [fail(same_sha_rerun)] - 
    24713bf -> 16d24fb [fail(no_prod_file)] - 
    221ff72 -> 46cd926 [fail(too_many_commits(210))] - 
    d4168ae -> 46cd926 [fail(too_many_commits(213))] - 
    554fb1f -> efb05c8 [fail(log_unavailable)] lib/interfaces/common.js 
    d2e15e9 -> 24713bf [fail(log_unavailable)] lib/nodejs/esm-utils.js 
  kept=0 (out of 150 evaluated)
  -- total kept so far: 50

=== eslint/eslint ===
  fetched 779 failed runs
  604 new unique failing SHAs
  514 pairs have a next-passing run
    86e1b19 -> 86e1b19 [fail(same_sha_rerun)] - 
    1b2bdb6 -> 86e1b19 [fail(passing_behind_failing)] - 
    9472505 -> bd01099 [fail(too_many_commits(21))] - 
    f4fa829 -> 8c163e0 [fail(too_many_commits(24))] - 
    0a8e528 -> c96bd67 [fail(no_prod_file)] - 
    c79f0ab -> af764af [fail(too_many_commits(109))] - 
    daa1a3b -> 28d8554 [fail(too_many_commits(56))] - 
    6f3271b -> 31a908d [fail(too_many_commits(174))] - 
    3bdf12e -> 9a8b871 [fail(no_signal)] lib/services/warning-service.js 
    c483dda -> 8cd044d [fail(log_unavailable)] lib/rule-tester/rule-tester.js 
    32bcf31 -> 1b42c7f [fail(multi_prod_file)] - 
    2b26022 -> ffb245f [fail(log_unavailable)] lib/rule-tester/rule-tester.js 
    a1544ca -> 1b42c7f [fail(log_unavailable)] lib/rules/utils/ast-utils.js 
    824a67b -> 50d7b64 [fail(log_unavailable)] lib/rule-tester/rule-tester.js 
    9722fda -> cb0f6fe [fail(no_prod_file)] - 
    919704b -> 919704b [fail(same_sha_rerun)] - 
    ef1f199 -> 0eba955 [fail(no_prod_file)] - 
    c54d5e7 -> 3133712 [fail(no_prod_file)] - 
    4a3838d -> 50d7b64 [fail(log_unavailable)] lib/rule-tester/rule-tester.js 
    21d9954 -> 919704b [fail(no_prod_file)] - 
    7d74bb7 -> 5fffde9 [fail(diff_too_large(1993))] - 
    183f8d6 -> 1b42c7f [fail(too_many_commits(345))] - 
    8c85aee -> 5de4c4e [fail(no_prod_file)] - 
    d3ff9c6 -> 5de4c4e [fail(no_prod_file)] - 
    08616bd -> dd3b41d [fail(no_prod_file)] - 
    8584fc3 -> ce8b860 [fail(log_unavailable)] lib/cli-engine/formatters/stylish.js 
    f09f9e5 -> 41a05f0 [fail(no_prod_file)] - 
    efe38f5 -> ce8b860 [fail(log_unavailable)] lib/cli-engine/formatters/stylish.js 
    c7046e6 -> af764af [fail(too_many_commits(177))] - 
    6df148a -> 47ae445 [fail(too_many_commits(11))] - 
    f148a5e -> af764af [fail(too_many_commits(178))] - 
    5f96c05 -> 41a05f0 [fail(log_unavailable)] lib/rules/no-redeclare.js 
    386f00d -> ce8b860 [fail(log_unavailable)] lib/cli-engine/formatters/stylish.js 
    e8a4da9 -> 47ae445 [fail(log_unavailable)] lib/cli-engine/formatters/stylish.js 
    fb8bbb2 -> 47ae445 [fail(too_many_commits(12))] - 
    487bd45 -> 28d8554 [fail(too_many_commits(59))] - 
    ab565c0 -> 28d8554 [fail(too_many_commits(58))] - 
    f40a005 -> ecfe91b [fail(too_many_commits(10))] - 
    4899cf9 -> af764af [fail(too_many_commits(186))] - 
    c251aa6 -> 6b5a804 [fail(log_unavailable)] lib/rules/no-restricted-imports.js 
    2e06d22 -> ecfe91b [fail(log_unavailable)] lib/rule-tester/rule-tester.js 
    8c85be1 -> ecfe91b [fail(too_many_commits(11))] - 
    e7364ff -> ecfe91b [fail(too_many_commits(12))] - 
    fbdc6d6 -> bf96a25 [fail(no_prod_file)] - 
    0486ab2 -> 47ae445 [fail(too_many_commits(29))] - 
    94cbfb0 -> 47ae445 [fail(too_many_commits(30))] - 
    6526b5f -> ed00b36 [fail(no_prod_file)] - 
    bd88246 -> 47ae445 [fail(too_many_commits(31))] - 
    1ec4b7f -> ed00b36 [fail(no_prod_file)] - 
    932935a -> 47ae445 [fail(too_many_commits(32))] - 
    d2d0ba7 -> ed00b36 [fail(no_prod_file)] - 
    578954f -> 9f82d95 [fail(no_prod_file)] - 
    6713a4b -> ed00b36 [fail(no_prod_file)] - 
    4622771 -> ed00b36 [fail(no_prod_file)] - 
    e2f9c7b -> af764af [fail(too_many_commits(203))] - 
    bcfa74d -> bcfa74d [fail(same_sha_rerun)] - 
    2b86645 -> f190c16 [fail(no_prod_file)] - 
    f64f648 -> f190c16 [fail(no_prod_file)] - 
    290e287 -> f190c16 [fail(multi_prod_file)] - 
    40ac2bb -> bcfa74d [fail(no_prod_file)] - 
    d1318d9 -> ed00b36 [fail(log_unavailable)] lib/rule-tester/rule-tester.js 
    09e6654 -> af764af [fail(too_many_commits(208))] - 
    392b81d -> d992bed [fail(no_prod_file)] - 
    d6ed1f8 -> af764af [fail(too_many_commits(209))] - 
    1e2cad5 -> 7246f92 [fail(too_many_commits(218))] - 
    9da2679 -> 7246f92 [fail(too_many_commits(219))] - 
    758d247 -> 686e8b5 [fail(too_many_commits(12))] - 
    3d64e17 -> 7cfe2eb [fail(no_prod_file)] - 
    b212199 -> bbd369a [fail(no_prod_file)] - 
    51296c2 -> bbd369a [fail(no_prod_file)] - 
    c1613e7 -> 92494b4 [fail(no_prod_file)] - 
    e69f023 -> a03b450 [fail(no_prod_file)] - 
    5288f49 -> a03b450 [fail(no_prod_file)] - 
    0d60d7c -> a03b450 [fail(no_prod_file)] - 
    4db36ba -> bbd369a [fail(multi_prod_file)] - 
    7aca443 -> 4db36ba [fail(no_prod_file)] - 
    96512a6 -> 7246f92 [fail(too_many_commits(220))] - 
    1666c1e -> 778934a [fail(no_prod_file)] - 
    87c0816 -> 778934a [fail(no_prod_file)] - 
    db65810 -> 7aff6ee [fail(no_prod_file)] - 
    494f37f -> 1b48684 [fail(no_prod_file)] - 
    dd5399a -> 7aff6ee [fail(multi_prod_file)] - 
    a259c9c -> 1b48684 [fail(no_prod_file)] - 
    d7ae75a -> 33417e2 [fail(log_unavailable)] lib/rule-tester/rule-tester.js 
    ab88ec0 -> 2551fa5 [fail(no_prod_file)] - 
    6905d9c -> 2aab5a7 [fail(no_prod_file)] - 
    92e469e -> bc3208c [fail(no_prod_file)] - 
    b9312e6 -> 1b48684 [fail(diff_too_large(3321))] - 
    23c5e5d -> 45584a8 [fail(no_prod_file)] - 
    3707dd0 -> 094a1e6 [fail(no_prod_file)] - 
    9ac84a6 -> cb1156a [fail(no_prod_file)] - 
    53ff9c2 -> 00b8979 [fail(no_prod_file)] - 
    f501bc3 -> 196f217 [fail(no_prod_file)] - 
    8d8bfb7 -> 01915c9 [fail(no_prod_file)] - 
    02b00dc -> 164026a [fail(no_prod_file)] - 
    085179e -> 47ae445 [fail(too_many_commits(83))] - 
    5edea0d -> 196f217 [fail(too_many_commits(21))] - 
    ace5de3 -> 01915c9 [fail(too_many_commits(104))] - 
    397ec3a -> cf7ac91 [fail(diff_too_large(733))] - 
    fdeb0b3 -> cf7ac91 [fail(no_prod_file)] - 
    8a2bd9c -> cd35116 [fail(too_many_commits(62))] - 
    1b6adde -> b6dffec [fail(no_prod_file)] - 
    e5fce31 -> 5c15948 [fail(log_unavailable)] lib/rule-tester/rule-tester.js 
    8e2c2c3 -> 5c15948 [fail(log_unavailable)] lib/rule-tester/rule-tester.js 
    317e901 -> cd35116 [fail(too_many_commits(61))] - 
    164b7ea -> 5c15948 [fail(log_unavailable)] lib/rule-tester/rule-tester.js 
    2676ebb -> 2676ebb [fail(same_sha_rerun)] - 
    a99f0ce -> ad474ee [fail(no_prod_file)] - 
    964ee41 -> 1c010fe [fail(too_many_commits(62))] - 
    05cd39a -> 34c74ea [fail(too_many_commits(68))] - 
    b8fdbe3 -> 34c74ea [fail(too_many_commits(68))] - 
    7152037 -> ad474ee [fail(no_prod_file)] - 
    c42a5e6 -> e6df5db [fail(no_prod_file)] - 
    272e783 -> ad474ee [fail(no_prod_file)] - 
    d66d316 -> ad474ee [fail(no_prod_file)] - 
    a1f4e52 -> af764af [fail(too_many_commits(263))] - 
    7dfc31b -> 002c0cf [fail(log_unavailable)] lib/rules/no-use-before-define.js 
    9d87d80 -> 56dd4b9 [fail(too_many_commits(63))] - 
    3a40bca -> 47ae445 [fail(too_many_commits(130))] - 
    d168219 -> 47ae445 [fail(too_many_commits(129))] - 
    8d9135c -> 47ae445 [fail(too_many_commits(131))] - 
    b8919fe -> 5508e74 [fail(no_prod_file)] - 
    2041417 -> 47ae445 [fail(too_many_commits(132))] - 
    824371e -> 5508e74 [fail(diff_too_large(614))] - 
    0a5aae4 -> 5d91332 [fail(no_prod_file)] - 
    6fbfa27 -> dc298a3 [fail(no_prod_file)] - 
    6bda754 -> 5508e74 [fail(diff_too_large(20812))] - 
    0c8defd -> 5ed1ed6 [fail(multi_prod_file)] - 
    9a61618 -> 5ed1ed6 [fail(multi_prod_file)] - 
    14e4116 -> 5ed1ed6 [fail(multi_prod_file)] - 
    9e7fad4 -> af764af [fail(too_many_commits(282))] - 
    a50c2ce -> f217b8d [fail(no_prod_file)] - 
    ad8d594 -> f217b8d [fail(no_prod_file)] - 
    b9c339d -> dc298a3 [fail(no_prod_file)] - 
    1ab0813 -> d2904df [fail(no_prod_file)] - 
    d7906ae -> 1a7eb2e [fail(no_prod_file)] - 
    8ffc417 -> 535f2ab [fail(no_prod_file)] - 
    206b413 -> 22d84eb [fail(log_unavailable)] packages/js/src/configs/eslint-recommended.js 
    a278fec -> af764af [fail(too_many_commits(283))] - 
    661d7fd -> 1a7eb2e [fail(no_prod_file)] - 
    25d0e33 -> af764af [fail(too_many_commits(287))] - 
    ef5d12b -> 6944651 [fail(no_prod_file)] - 
    6cd686a -> c176318 [fail(no_prod_file)] - 
    63f5910 -> f386759 [fail(no_prod_file)] - 
    b39e71a -> af764af [fail(too_many_commits(297))] - 
    e6a990e -> c176318 [fail(no_prod_file)] - 
    1272a78 -> 1b5a6b8 [fail(log_unavailable)] lib/linter/timing.js 
    cd39983 -> af764af [fail(too_many_commits(302))] - 
    04c4381 -> d75fb36 [fail(log_unavailable)] lib/linter/linter.js 
    2565abb -> f386759 [fail(log_unavailable)] lib/rules/no-loss-of-precision.js 
  kept=0 (out of 150 evaluated)
  -- total kept so far: 50

=== sinonjs/sinon ===
  fetched 31 failed runs
  1 new unique failing SHAs
  0 pairs have a next-passing run
  kept=0 (out of 0 evaluated)
  -- total kept so far: 50

=== axios/axios ===
  fetched 488 failed runs
  282 new unique failing SHAs
  88 pairs have a next-passing run
    c0b2917 -> acc4795 [fail(no_prod_file)] - 
    d5de8a9 -> 1cf5415 [fail(diff_too_large(4687))] - 
    60bfe11 -> acc4795 [fail(no_prod_file)] - 
    e21e89f -> acc4795 [fail(no_prod_file)] - 
    284355d -> acc4795 [fail(no_prod_file)] - 
    12880b9 -> 1cf5415 [fail(diff_too_large(4732))] - 
    01cddb5 -> 6b9ec17 [fail(no_prod_file)] - 
    926f735 -> 9130b3c [fail(no_prod_file)] - 
    90d2b5f -> 14d0b8a [fail(no_prod_file)] - 
    b0ad532 -> 9130b3c [fail(no_prod_file)] - 
    89842e1 -> d5c104d [fail(no_prod_file)] - 
    fed6a37 -> 27f08a8 [fail(no_prod_file)] - 
    cdd98cf -> 14440e3 [fail(diff_too_large(584))] - 
    fe4738f -> 27f08a8 [fail(no_prod_file)] - 
    38bc74b -> 27f08a8 [fail(no_prod_file)] - 
    8b6c5e7 -> 27f08a8 [fail(no_prod_file)] - 
    95a52d8 -> 27f08a8 [fail(no_prod_file)] - 
    bc9500b -> 27f08a8 [fail(too_many_commits(9))] - 
    6a63938 -> b7285f5 [fail(no_prod_file)] - 
    d8e9145 -> b7285f5 [fail(no_prod_file)] - 
    6f508d4 -> 6f508d4 [fail(same_sha_rerun)] - 
    569f028 -> fba7fcc [fail(too_many_commits(148))] - 
    af4f6d9 -> de1a810 [fail(too_many_commits(153))] - 
    4b9ed92 -> be90c25 [fail(no_signal)] lib/adapters/fetch.js 
    76dfba0 -> d7ff140 [fail(multi_prod_file)] - 
    91a9cec -> e9aff48 [fail(no_prod_file)] - 
    5b8e04c -> 0aac668 [fail(log_unavailable)] lib/helpers/fromDataURI.js 
    5a23d46 -> b43c9af [fail(no_signal)] lib/core/AxiosError.js 
    4d88f83 -> a77c6e0 [fail(too_many_commits(78))] - 
    2531743 -> 0aac668 [fail(log_unavailable)] lib/helpers/fromDataURI.js 
    11ed5f7 -> 0aac668 [fail(log_unavailable)] lib/helpers/fromDataURI.js 
    8094d95 -> e9aff48 [fail(log_unavailable)] lib/adapters/http.js 
    e2f55e9 -> a133ffd [fail(no_signal)] lib/utils.js 
    99aff7e -> 03d72c2 [fail(no_prod_file)] - 
    06bc390 -> 03d72c2 [fail(no_prod_file)] - 
    291156b -> 03d72c2 [fail(no_prod_file)] - 
    af028f9 -> 03d72c2 [fail(no_prod_file)] - 
    85c35eb -> 03d72c2 [fail(no_prod_file)] - 
    2168c13 -> c35a2a7 [fail(log_unavailable)] lib/adapters/http.js 
    ea96da7 -> 03d72c2 [fail(too_many_commits(15))] - 
    5b6995d -> c35a2a7 [fail(log_unavailable)] lib/adapters/http.js 
    c3af260 -> c35a2a7 [fail(log_unavailable)] lib/adapters/http.js 
    8647be1 -> f2c1a76 [fail(no_prod_file)] - 
    f4f1b36 -> d057993 [fail(diff_too_large(1108))] - 
    9f794da -> 3b88852 [fail(too_many_commits(13))] - 
    371ac91 -> 098ad32 [fail(too_many_commits(53))] - 
    a1b1d3f -> 2fcb4ec [fail(multi_prod_file)] - 
    858977b -> 5c7792d [fail(no_prod_file)] - 
    d069c5b -> e280f3b [fail(log_unavailable)] lib/adapters/http2.js 
    4726d8e -> de33e86 [fail(no_prod_file)] - 
    316579c -> a905fc4 [fail(no_prod_file)] - 
    f19afb0 -> de33e86 [fail(no_prod_file)] - 
    5fb2476 -> 5c7792d [fail(too_many_commits(9))] - 
    a00c849 -> de33e86 [fail(no_prod_file)] - 
    250ae3f -> 250ae3f [fail(same_sha_rerun)] - 
    eab2faf -> eab2faf [fail(same_sha_rerun)] - 
    1eff192 -> 1eff192 [fail(same_sha_rerun)] - 
    512fdf9 -> 41e39a9 [fail(diff_too_large(502))] - 
    09ebb2d -> 09a3ee0 [fail(no_prod_file)] - 
    55b3b8d -> 41e39a9 [fail(diff_too_large(537))] - 
    a47b5e3 -> 03d72c2 [fail(log_unavailable)] lib/adapters/http.js 
    e6e3f3e -> 3d35e54 [fail(multi_prod_file)] - 
    ce0564e -> 1eff192 [fail(no_prod_file)] - 
    713067e -> 0211273 [fail(multi_prod_file)] - 
    21da39e -> 0211273 [fail(multi_prod_file)] - 
    1504d31 -> eab2faf [fail(no_prod_file)] - 
    b128efa -> 63b5b0b [fail(no_prod_file)] - 
    4b4ba80 -> b70eed7 [fail(log_unavailable)] lib/adapters/fetch.js 
    79c2380 -> d057993 [fail(too_many_commits(28))] - 
    da58d76 -> c30b8b8 [fail(no_prod_file)] - 
    e0219c7 -> dd04bbc [fail(diff_too_large(21444))] - 
    cfaae85 -> dbcfb75 [fail(no_prod_file)] - 
    71ab865 -> 437f499 [fail(log_unavailable)] lib/helpers/resolveConfig.js 
    7cab5c1 -> 55d3c62 [fail(multi_prod_file)] - 
    586faf2 -> 437f499 [fail(log_unavailable)] lib/helpers/resolveConfig.js 
    dd42205 -> 7f7a139 [fail(multi_prod_file)] - 
    90546a5 -> 7f7a139 [fail(multi_prod_file)] - 
    f49fffa -> f49fffa [fail(same_sha_rerun)] - 
    dd09f4f -> 7f7a139 [fail(multi_prod_file)] - 
    9f885b3 -> 9f885b3 [fail(same_sha_rerun)] - 
    e8a924a -> c2df551 [fail(log_unavailable)] lib/core/AxiosHeaders.js 
    1b39e37 -> 437f499 [fail(log_unavailable)] lib/helpers/resolveConfig.js 
    58283cf -> 266c7b9 [fail(multi_prod_file)] - 
    5bee4fc -> 1826ea4 [fail(multi_prod_file)] - 
    967e92a -> 34436bc [fail(log_unavailable)] lib/core/buildFullPath.js 
    96ccd11 -> c2df551 [fail(log_unavailable)] lib/core/AxiosHeaders.js 
    99e2890 -> c2df551 [fail(log_unavailable)] lib/core/AxiosHeaders.js 
    349130e -> 34436bc [fail(log_unavailable)] lib/core/buildFullPath.js 
  kept=0 (out of 88 evaluated)
  -- total kept so far: 50

=== prettier/prettier ===
  fetched 800 failed runs
  363 new unique failing SHAs
  266 pairs have a next-passing run
    497db41 -> b58daeb [fail(no_prod_file)] - 
    336c5a8 -> fd17127 [fail(no_prod_file)] - 
    b1096d3 -> 0f1be51 [fail(no_prod_file)] - 
    fd17127 -> 0f1be51 [fail(no_prod_file)] - 
    de75320 -> 0f1be51 [fail(no_prod_file)] - 
    cb10306 -> fd17127 [fail(no_prod_file)] - 
    3dd8b46 -> 0f1be51 [fail(no_prod_file)] - 
    c0b1577 -> 0f1be51 [fail(no_prod_file)] - 
    d83170c -> fd17127 [fail(no_prod_file)] - 
    96596de -> a991575 [fail(too_many_commits(99))] - 
    a73cae1 -> 70a1447 [fail(no_prod_file)] - 
    ce5de02 -> fd17127 [fail(too_many_commits(9))] - 
    3ac9b23 -> 0f1be51 [fail(too_many_commits(11))] - 
    e397b8b -> 45d81bc [fail(too_many_commits(11))] - 
    2096aaf -> fd17127 [fail(no_prod_file)] - 
    1f52a5c -> a38dcec [fail(no_prod_file)] - 
    1415cd3 -> 08f2ff5 [fail(no_prod_file)] - 
    2aefd79 -> 8b4abb4 [fail(multi_prod_file)] - 
    00146ea -> 6ba3c05 [fail(too_many_commits(101))] - 
    70a1447 -> 2c91728 [KEEP] src/language-js/parse/utilities/create-oxc-parser-options.js Error
    c06314c -> 6ba3c05 [fail(too_many_commits(108))] - 
    56712e1 -> 38ada6e [fail(multi_prod_file)] - 
    de2e187 -> 38ada6e [fail(multi_prod_file)] - 
    a019ef1 -> 38ada6e [fail(multi_prod_file)] - 
    ed13864 -> 8b4abb4 [KEEP] src/language-js/location/comparison.js Error
    129f5e6 -> 9251f61 [fail(no_prod_file)] - 
    9fb7be6 -> 38ada6e [KEEP] src/language-js/utilities/call-or-new-expression-parentheses.js Error
    af64200 -> c32ae98 [fail(multi_prod_file)] - 
    6159613 -> 44c469b [KEEP] src/language-js/print/return-statement.js Error
    14ee898 -> c32ae98 [fail(multi_prod_file)] - 
    d985493 -> c32ae98 [KEEP] src/language-js/print/ignored.js Error
    26a8f04 -> a98b234 [fail(no_prod_file)] - 
    893517f -> 9b6257f [KEEP] src/language-js/print/class-body.js Error
    38c1105 -> a41f02d [fail(no_prod_file)] - 
    74644e9 -> 094ea13 [fail(multi_prod_file)] - 
    8ec98c4 -> 8d0ef73 [fail(too_many_commits(48))] - 
    dffb708 -> 094ea13 [fail(multi_prod_file)] - 
    1f8f39f -> 094ea13 [fail(diff_too_large(1056))] - 
    a16e57d -> 6ba3c05 [fail(too_many_commits(125))] - 
    ede4a5f -> b84d801 [fail(multi_prod_file)] - 
    16ac33d -> 094ea13 [KEEP] src/language-js/print/binary-cast-expression.js Error
    9781619 -> 32b9c4e [fail(diff_too_large(1392))] - 
    60cf4bd -> 6ba3c05 [fail(too_many_commits(126))] - 
    2b8a924 -> 6ba3c05 [fail(too_many_commits(127))] - 
    b278b4f -> 32b9c4e [fail(diff_too_large(1392))] - 
    2b0cb4a -> 3041df5 [KEEP] src/language-js/print/typescript.js Error
    a4a3f47 -> af4ddad [fail(diff_too_large(1089))] - 
    da109ef -> 407310b [fail(no_prod_file)] - 
    38ada6e -> 9677e7c [fail(no_signal)] src/language-js/location/end.js 
    8d74dde -> 6ba3c05 [fail(too_many_commits(128))] - 
    88ee8a5 -> 6ba3c05 [fail(too_many_commits(129))] - 
    407310b -> 4fd6030 [fail(too_many_commits(41))] - 
    767147d -> 407310b [fail(no_prod_file)] - 
    bc8d6bc -> 407310b [fail(no_prod_file)] - 
    565c2a4 -> df43cbb [fail(no_prod_file)] - 
    df43cbb -> 407310b [fail(no_prod_file)] - 
    80d4372 -> 5cd4df8 [fail(no_prod_file)] - 
    9b6257f -> c32ae98 [fail(no_signal)] src/language-js/print/ignored.js 
    dcdc81f -> 5c58480 [fail(no_prod_file)] - 
    4503805 -> e8ffcb5 [fail(no_prod_file)] - 
    5cd4df8 -> 4fd6030 [fail(too_many_commits(41))] - 
    c83378a -> 676a542 [fail(multi_prod_file)] - 
    1879f0d -> 1081707 [KEEP] src/language-js/print/binary-cast-expression.js Error
    9f85a9a -> 676a542 [fail(multi_prod_file)] - 
    59af97d -> 1c05941 [fail(multi_prod_file)] - 
    b01f316 -> 9f85a9a [KEEP] src/language-js/print/typescript.js Error
    7c09fad -> 8823c20 [KEEP] src/language-js/print/if-statement.js Error
    1c05941 -> 8823c20 [KEEP] src/language-js/print/if-statement.js Error
    35e74ad -> a39af0e [KEEP] src/language-js/comments/attach/handle-if-statement-comments.js Error
    a82c51a -> a39af0e [KEEP] src/language-js/comments/attach/handle-if-statement-comments.js Error
    1882b4d -> d1c3cd5 [fail(multi_prod_file)] - 
    ed7a458 -> f2f9033 [fail(too_many_commits(13))] - 
    0452661 -> f2f9033 [fail(too_many_commits(13))] - 
    32b8f90 -> 41349e3 [fail(multi_prod_file)] - 
    da67944 -> a39af0e [KEEP] src/language-js/comments/attach/handle-if-statement-comments.js Error
    eef3688 -> ee47ffc [fail(no_prod_file)] - 
    6dd6284 -> 7f3e9e8 [fail(multi_prod_file)] - 
    a321c22 -> 361bc59 [fail(no_prod_file)] - 
    3b2d2b1 -> 6f558c9 [fail(multi_prod_file)] - 
    5836ca9 -> b1ef67c [KEEP] src/language-js/comments/attach/handle-while-like-comments.js Error
    2f3929c -> 6f558c9 [fail(multi_prod_file)] - 
    ee0d873 -> f8112e9 [fail(no_signal)] src/language-js/print/binary-cast-expression.js 
    664d355 -> 77e4776 [fail(too_many_commits(15))] - 
    511f391 -> 05ed3e7 [fail(too_many_commits(27))] - 
    960ff7d -> 5cd4df8 [KEEP] src/language-js/traverse/visitor-keys.evaluate.js SyntaxError
    ce58bd2 -> 05bdf97 [fail(no_prod_file)] - 
    a1b9d51 -> f9da592 [fail(multi_prod_file)] - 
    b93dc73 -> 301d129 [fail(multi_prod_file)] - 
    24c3734 -> e8557d6 [fail(multi_prod_file)] - 
    d0a6029 -> f2f9033 [fail(no_signal)] src/language-js/comments/attach/handle-for-x-statement.js 
    69c549d -> 25407f2 [fail(multi_prod_file)] - 
    9146f01 -> 9bc524d [fail(multi_prod_file)] - 
    eb68b5f -> e8557d6 [KEEP] src/language-js/print/call-arguments.js Error
    05d8bf8 -> 69444c4 [KEEP] src/language-js/parentheses/needs-parentheses.js Error
    cd8c50f -> 74ba2fd [KEEP] src/main/ast-to-doc.js Error
    2d4b65b -> d2dfcd4 [fail(multi_prod_file)] - 
    4a656f4 -> fb95f21 [fail(multi_prod_file)] - 
    6e0027b -> 69444c4 [KEEP] src/language-js/parentheses/needs-parentheses.js Error
    7bdc392 -> fb95f21 [fail(multi_prod_file)] - 
    66f591e -> 830afff [fail(no_prod_file)] - 
    591dd8d -> f4d35bc [fail(no_signal)] src/language-js/comments/handle-comments.js 
    f5695fe -> bca9b90 [fail(no_prod_file)] - 
    b7fbefc -> 06f3c8d [fail(multi_prod_file)] - 
    3947346 -> 06f3c8d [fail(multi_prod_file)] - 
    b0728f5 -> 06f3c8d [fail(multi_prod_file)] - 
    a603b71 -> 411f1be [fail(no_signal)] src/language-js/print/ignored.js 
    b04704d -> b7fbefc [fail(multi_prod_file)] - 
    f58d550 -> 6ba3c05 [fail(too_many_commits(171))] - 
    e91c992 -> 0921cdf [fail(multi_prod_file)] - 
    f81e05b -> 06f3c8d [fail(too_many_commits(10))] - 
    51a2a1e -> 6ba3c05 [fail(too_many_commits(176))] - 
    14350ca -> 06f3c8d [fail(too_many_commits(14))] - 
    5619ed0 -> 06f3c8d [fail(multi_prod_file)] - 
    de5ce2a -> 0921cdf [KEEP] knip.config.js Error
    e91ca2d -> 06f3c8d [fail(too_many_commits(13))] - 
    9c93660 -> 183bd93 [fail(no_prod_file)] - 
    5539fff -> 183bd93 [fail(no_prod_file)] - 
    e805d67 -> 0644f49 [fail(no_prod_file)] - 
    37f1f91 -> 183bd93 [fail(no_prod_file)] - 
    f123b94 -> 183bd93 [fail(no_prod_file)] - 
    e7ed709 -> 0644f49 [fail(no_prod_file)] - 
    2201449 -> 0921cdf [KEEP] knip.config.js Error
    bce7dcc -> f2cf813 [fail(no_prod_file)] - 
    f2cf813 -> 0644f49 [fail(no_prod_file)] - 
    a8ba8bd -> 0644f49 [fail(too_many_commits(11))] - 
    0e31eb1 -> 0644f49 [fail(too_many_commits(14))] - 
    44ec5f4 -> a43d1e6 [fail(no_prod_file)] - 
    9c80489 -> 10252c4 [fail(no_prod_file)] - 
    3a1e489 -> 0644f49 [fail(too_many_commits(12))] - 
    5d05bcc -> 10252c4 [fail(no_prod_file)] - 
    91caeb2 -> 10252c4 [fail(no_prod_file)] - 
    528ab82 -> a43d1e6 [fail(no_prod_file)] - 
    f178fff -> a43d1e6 [fail(too_many_commits(9))] - 
    ec35608 -> 69444c4 [fail(no_signal)] src/language-js/parentheses/needs-parentheses.js 
    1586627 -> f887f46 [fail(diff_too_large(9807))] - 
    90d1c1b -> f887f46 [fail(too_many_commits(15))] - 
    137f41f -> 817ef34 [fail(no_prod_file)] - 
    3fd8b0b -> 9989818 [fail(no_prod_file)] - 
    b23044e -> 6ba3c05 [fail(too_many_commits(182))] - 
    cff21fa -> f887f46 [fail(too_many_commits(17))] - 
    ed5bb0b -> 6ba3c05 [fail(too_many_commits(183))] - 
    56eb5e1 -> f887f46 [fail(too_many_commits(20))] - 
    965aa73 -> f887f46 [fail(too_many_commits(18))] - 
    41d6c9f -> 453eab9 [fail(no_prod_file)] - 
    970faf4 -> f887f46 [fail(too_many_commits(21))] - 
    c50e84b -> a24d564 [fail(no_prod_file)] - 
    2306f92 -> fc0543e [fail(no_prod_file)] - 
    b56a73e -> f887f46 [fail(too_many_commits(24))] - 
    92e6c4e -> feee682 [fail(log_unavailable)] src/language-js/utilities/index.js 
